[13:05:23] AndroidGuardian v1.4.0 — 2025-08-27T13:05:23+06:00
[13:05:23] Report directory: /data/data/com.termux/files/home/AndroidGuardian/reports/2025-08-27T13-05-23+06-00
------------------------------------------------------------
[13:05:23] Collecting system snapshot...
[13:05:23] [OK] Android 12 • Model: M2101K7AG
------------------------------------------------------------
[13:05:23] Enumerating third-party packages...
[13:05:23] [OK] Found 79 third-party packages
------------------------------------------------------------
[13:05:23] Scanning permissions (best effort via dumpsys)...
[13:05:34] [OK] Permission scan saved (perm_summary.csv)
------------------------------------------------------------
[13:05:34] Collecting AppOps (camera/mic/SMS/overlay/usage/clipboard/notifications)...
[13:05:35] [OK] AppOps collected (appops_recent.csv)
------------------------------------------------------------
[13:05:35] Checking accessibility services and listeners...
------------------------------------------------------------
[13:05:35] Inspecting device policy and admins...
------------------------------------------------------------
[13:05:35] Checking active/recent camera and microphone usage...
------------------------------------------------------------
[13:05:35] Checking ADB/developer settings...
------------------------------------------------------------
[13:05:35] Collecting jobs and alarms...
------------------------------------------------------------
[13:05:35] Enumerating active network connections...
------------------------------------------------------------
[13:05:35] Scoring risk (heuristic)...
[13:05:37] [OK] Risk scoring complete (risk_list.csv)
------------------------------------------------------------
[13:05:37] Assessing Wi‑Fi security (passive + gateway ports)...
[13:05:37] [ERROR] Unexpected error on line 283. See /data/data/com.termux/files/home/AndroidGuardian/reports/2025-08-27T13-05-23+06-00/run.log
[13:05:37] [ERROR] Unexpected error on line 283. See /data/data/com.termux/files/home/AndroidGuardian/reports/2025-08-27T13-05-23+06-00/run.log
